Name: Meghana Shastri
Student ID: 2317343
Class: CPSC 350
Section: section 2
 
the nucleotide sum is 50
the bigram sum is 100
the mean is 7.14286
the variance is 11.3653
the standard deviation is 3.37125
 
the probability of A is 0.32
the probability of T is 0.22
the probability of G is 0.28
the probability of C is 0.18
 
the probability of AA is 0.04
the probability of AT is 0.04
the probability of AG is 0.07
the probability of AC is 0.01
the probability of TA is 0.02
the probability of TT is 0.01
the probability of TG is 0.04
the probability of TC is 0.04
the probability of GA is 0.02
the probability of GT is 0.02
the probability of GG is 0.02
the probability of GC is 0.03
the probability of CA is 0.03
the probability of CT is 0.02
the probability of CG is 0.01
the probability of CC is 0.08
AGT
TCAAG
GA
CATGGTAA
ACGGTA

TAG

GCTA
AGTATCAG
AGCATG
TAGCAGGTA
GAT
GATGTACGA
AGGTCATA
TGA
GATC
AGAGTC

GCAATG

AGCGGTAATC
TAG
GAGTTAAC

CAATG
CAGTA
AACGGT
AAGAGGCATTC
GATACGTA
GTGAAC
GATCA
GCTGAA
GA
GAACGT
GAT


GTGATCAA
GA
TTGCAAGAG
GTACAG
TGA
TGCA
TGCA
CTAG

AG
TCAGA
AAACGGGTTC
ACGAT
GA
CAAGTG
ATG
CTAG

GCAATG

TATAAGGGC
TGCA
GTA

TCAG
AACGTG
AGTACG
TGAC
GAAGCT

CGTA
GCGATCAAGAT
CAAGATTG
CGAGTA
CGTAAG
AGTC
ATG
ATG
CGAAGT



ACGTGA
GATC
TGAGAC
GAT
AG
AGTC
ATACGG
TAGC
GA
GTA

GATC
TGACGA
TGGAACAT
ACGAT
TCAAG
GCATAG
TGA
GAGATCTA
ATTAGACG
GAT

AGATACGTG
AG
TGGCAA

GTCA
CAGAT
ATGC
CTGGAA
AGTGAC
AG

ACCTGGTAAG
CTGAAG
CGTTAGAA
AGACGT
TGCTAGAAG



CAGAT
AACGTG

GTA
TAGAAGGTC
ACTAG
ACGAGATT


AGTCAG

TAACAGTG
GA
GTA
AG
CGGAAT
GTCA

GAAGCT

ATG
GACAAGTT
AACTGG
ATAGCG
GGACTA
ACTG
GATGCATAGTCA

GTGAGATCAC
GA
CTGAGA
AAGCATGT
AGGCTA
AG
TAG
ATG
TGA
AGGACT
GAT
GAATGC
GA
CACGAAGTTG
CTAAGG
AG
TAGCA
CAGAT

AG

GAT
TAG

GGCTTACAAGA
TACGA
ATG
TAGC
GATTACCAGAG
TCGA
AG

AG

ATG
GTCAA
GA
AGTCAG

TCGA
ATCTGAAG

ACTGA
AAGTTCAGCAG

TAG
CAGTAG
CGAATG
AGAATGTC
AGTCAG
TGAGTACA
ACTG
TGA
GACTAG
ACAGTG

GTA
GTAC

TAGC

ATTAGCGA
AG
GA
GCTGAA
TAACG

GAGTCA
AG
ATAGGTGAC
TGGCAA
GAT
GACT
TTATACAGGCGA
TATAGCGA
GTA
AAAGCTGCAGT
ACGTAG
TAGAGC
ATGACG
TTCCAGGAGA
AG
AGCTGCTAAG
ATGCA

TAGACTGA
GAT
AGTAACTGG

ATGC
AG
TAG
AG
CAGGAT
TGACGA

AG
CAGAT

CTGAACGGTA
GA
GTCAA

GTCACTAAGAGGT
AG
GTCAAG
AGATGGCACT
GAGTAC
TAAGGC

TAGAC
GA
GTAC
ACAGAGTAGCT
TAAGCG


ATACG
AGT
GAACT
ATCGA
GCTA
CATGA
AGGTCA
ATG
AG
CAGAT
AGATGC
TGCAACGAAGT
CAGTA
AGTTGAGCACA
CATTGAAG
AAGTTCGA
GCATGA

CTGA
GCAAT
TGCAAG
CGAAGT
TAG
TGGTACAGA
TAATGCGA
TAG
AGTCGA
AGT
CAGATAGT
AG
AG
GAATC
CGGTAATCGAA
GAT
ATCAG
CTGAA

GAT
TGTAGAAC
CGGATA
GCGTAA
ATGC
ATAGGC
TCGAGTAA
AGCTA
GAGACT

AATAGCTG
GATCGTAA
TAG
CAGT

GAGAATCT
ACGGTA

ATG
CGAGAT


ATCG
TCAAGG

GCGTAA
TAAGC


CAATGG
TGGACAAT
CATGA
ACGAT
AATAGGGCT
GATACG
ACGTAG
GA
TCGA


ATCAG

CAGATG
AG
GAACT


AAGTC
ACGT
CAGGAT
TGACGA
AGGTCA


ATCGAG
AGGTCA
TAACG
CTAG
GA

CTAG
ACGAGT
GCAGAT
AAGTCTGACGA

ATTACGGGA


CTAG
AGATGC
GTAGAATC
TAGC
AG
CAGGAT

ACAAGTTG
CGTAA
TACGA
GAACGATT

TCGA
AGACTG

TAGGAC

CGAGTA

CGAATTAG
GA
GAGCAT
GA
GTCA
ATG
CATGA
AG
AGATAGTGC
AGGCATAGT
CTAG
ATGC

CGAAGT
GAATC
TGCAA
CAGT

ATGACG
AGAGTC
ATACGG

TGA
AAGCTG
TACGAG
ATCG
GTAC
GA
TATCGGAA
GCAT
GTAAACTG
TCGAA

AGT
GA
TAGAATCGG
TACG

ACTG
TGAC
GCTAA
GTA
GAT
TGCAA
TACG
GA
ATCG

AG
TGCAA

ATAGC

TCAGGATAG
CGTGTAAAG
AGT
ACGTGA

AGT
TGATAGGCATAC
GA
GTAGAC
CAATGTAG
AGCAT
TACAG

ACAGT
GA
ATGACG
CTGA
CAGCGTTAAATGG
GTTCAAAG
GTTGGAACA
TGAAACGT
AACCGGTTAAG
AGTCA
AGGATCTGACAT
GA

AGT
GTA
GGCATAACTAG
TCAGGA
GTGACA
TACAGGAT
AGCATG
GTA
AAGTCGTA
GGCAACATATG
AGTCTCAGGA
CTAG
AG
AGTGCA
GTCA
AG
GACAT
AGATC

TGA
GTA

GAATC
AAGATCTG
TCAG
GATGATACG
AAGACGCTTG
GTGAAC
GGTAGACTTAAC
AACATGGT


GAGCAT
CAAAGTTG
GTA
AGGATC

GA
TAGC
AGGACT
TGAAC
TCGGAA
AACTG

ACATGGAT
TAGC
TGA
ATGC
CAGAGT
ACATG
GCTAAG
AGTGAC
GTCTAGAGA
GCTGAA
CTGAAAGGT
GTAC
ACGT
GTGCTAAAG
TAGGTTGACAACG
CATTGAGA

GAGCTA
ACTG
AAAGCTTGG
GTAC
AG

AGCAGT
GTACA

GACAT
AG
GTCA
GCTGAA
GAGATTAC
ACTGGA
TGA
GTAGCA
GA
GCAGTA
CGACGTAAGAT
TCTAAAGG
GTAC
AGT
GATACG

CGAGTA
CGATA
AG

GGCAAT
GCAAT
TAAGCG

AGT
ATGAGCTA
CGGTAAACTAG
CGAGCTGGTATAA
GCTA
TCGAGGAATATC
GCAAT

ATG
TACG
TACGA
TGCGATGAA
AG
GAT

GACGTA
GCAT
GTGCAATACAGGT
CTAAG
CGTAGA
TATACAGG

GAGTAC

GA
ACGGTA
AGTGAC
AGT
TAG
GCAAT
CTAG
AGCT

AGT
ACTAG
ATGAC

TAATAGGC

CAAGTG

AG
GCATAG

CAGAGT

GAACTG
AG
ATAAGGGCT
GAT
AATGC
TATGGAAGC
GTGCATAAG
ATG
GCAATG
ACGGGTCAAAT
AG
TCAGAG
ACTAG
TATAGGGCA
ATCAG
AG
GGCTAA
ATG
TAG

GA
TACGGA
GACATTGCAG
AGCTGA
GAT
GGTACA
GA
GAAGCT

GA
GGATACGTA

TGA
TGA
GGAATC
TACTAAGGG
GATGAGATC

GA
GAGCAT
GTACA
GTAC
AG
GATC
AGCGAT
GCTA



TGCAATGAG

AGAGTC
AGTCA
GTCA
AGGCAT
TGAACG
ACGAGACTTGA
AG

AG
AACTG
CAGGTTAGA


TCGGAA

GTGTAAAC
AG
TAATCGAG
TGAC
AACTG
TAGAGC
TAGC
GTA
GCAAT
CGTA
TCAAG
GTA

ATGGAC

CGGCTATAGA
AATCGG

AG
GA
ATACGG
TGA
CGATA
GATGCA
GAT
GTA
ATAACGGTG

GTAGCATA
CAGTGA
AGCAT

GTAAC
GA
ATGAGAGCCTA
AGATC
AGATGAGCT

ATG
GTTAGCAA
AG

GAT
TGA
GACAGT
CTGAAGGCTA

TAG


ATACGGATG
CGAT
GCAAGT

TACG

AGTCAGGACATGT
GTCAGA
CTGA
GA
AGGATC
TAG
TGA
GATGTTACGCAGAA
CGGTAGACAAT
GCATA
GCTAGA
AG
GA
GA
AG
GA
TGCA
ATCTGAGA

AG
TAG
TCAG
TCGGAATGA
GTCATGAA
ATCGA
TGTGGAACA
TGATACAGG
AG
CTGAAGAGT

GTGACA
AGACGGTAT


AG
GGCTAGAACT
GTAACG
AAGTGC

CTAG


GATC
TAG
ATCGGA
GTA
TGAACG

AG
ATGATGACG
AATGGCTA
TGA
GAT
GGAAACTTG
TACTAAGGG



GA
TCAG

GGAACT

ACATG
ATGTGCAA
CGAGTATGAC
GCTA
AG
GGAGATTCACTA
GCTAAG
GTA

TCAGA
GGGTACATA
CAATG
GAT
GACTA
CATGAG
TGCAGA

ATCG
AGT

AG
ACTG
ATG
GTA
GCAT
CAGTGTAA
TAAGGC
AG
GATC
GACAGT
ATG
TTCAAGAG
AG
TGAGATCA
TGAAC

GACT
GGATAC
ATG


CAGATGCGTAAT
GA

AGTC
AG
GAATC

AGGTACTA
ATGCTAAG
TGA
ATCGAAACGGT
CAGATATG
GA
AG
GTAGCA
CGAT
TGA
GGACATAT
AACGGT
ATGC
AAGTCG

TCGGAAAGT
ATCG
TAG
GATAGC
GTCA
TTAAAGGACCG
TAGAGC
ATCGA
ATG
TAG
ATAGC
GCAT
GCAGGCTATA

TGGCAA
AGT
GA
GTCA
GTA
GTCAA

TGAC
AGTACG
GGCAAT
AG
AGCAT

ATAGC
TCAGGA
GACTGA
AG
GTA
TAGACG
GA
ATCG

CTAAG

GAAACGTT
ATCG
GAGTAC
AGTC


AGTC
ACGTA
ATG
AGATGGACT
AGATGTGAC

GTGCAA
AG
AGGTAC

GACTGTGCAA
ACATGG
TAG
GAT
CTAGGAACAGT
TAGC
GTCAA

TAAAGCTGGACT
TGCA
TAAGC


TAGC
ACTGAG
AGT
GAACTG
GA
CGAGTGTAA

CGATA
TGACGA


AG

TAG
TGGAGAAGTACTC
TACAG
GTAC
CAGATACTGAG
CAGT
GAATC
TAAGC
ATG
GA

CGTA
GAAGCT
GAT
CTAAGG
GAATGC
TTCGAAGA
GAATGC
GACT
GAAAATCCTGTG
GGTAACAT
ATCGA
GCAGAT
TCAG
GACAATGTG
CATAGG
CTAGATGCAGA
GAGATC
TAACATGG
TAAGC
AGT
ATGAGCTA
GTA
GCTA
TAGC
GAT
GA
CTGAGA
GTGAACTA


GAT
GGATAC
TCGAGA
AGTC
GAT
CGAT
GTACAG

AGTGCA
TGA
CGTA
GTAAGC
GA
TGCTAGAAGC
AG
GCAGAT
ATACGGATG
GA
AGGACT
ATGAACGT

CATG
