TACATATGCGGCGA
GGTGTACGTAAGGACCAATCCT

CGCGATTGAA
GACCTTAG

AGTTAGACGC
AGGAATCTGCTA
TCGCAAGT

ACTACGGT
GCGTCAAGAT
ATAGTCACGACGTG
GAAATCGTCG
TCAAGG
GAGCGCTAAT
GA
AGTATCGACTATGCGGAC
TAACG
AAATCGAGCTGCGT
ATAGCACCGTGGTA
ATTTCACGAGAG

GTCA
ACTG
TACGGA
GTACAAGTCG
TGCA
TCGA

AGATTCCG
CGATCTAGGA
TAGTCGAGAC


CGAAT
CGGAATGATC
GCTAGAGGATTGAACCTC
AAACTGGCTGTCGA
TGCCAAGATG
CTAG
GCTGAA
TGGTAGATAACC


AGATC
GTAGAAGCACGCTT
AGTC
TACGA
TAGGAC
CATGAG
TCTAAGCAGG


GA
CGAAT
GCTA
ACATGAGACGTT
AACGTGAGTC
CTAGAG
TGCGCATA
GATGGCAGATCATC
TCGA
ATGCTAGCGACATG
ACGCTTAG


CTAG
AACTG
AATGC
CTGAGA
AGTAC

CTGA
ATGCGA


TCGA
CGGAAT
GA
GCCCTGTGAATGAA
ATACGG
GTTCACAG

AGTACTAGCG
GATGAACGCT
GACGAACAATCTTGGG
GATCAGGCAT
GGAATC


CAGTA
TACGTGGACA
GTAACG
GTAC
TACG
CGACTTAG

AGGCAGTCAT

CAATGG
ACGT
GCAAGGTCAT
CGTA

AG
GCATGA


AGCATTGC
AAGGCTACGTCATCTGAG
AATGTGCGCCAGTA

AG
TACG
ATGGCA
ACGT

CGAT

AAGGCTAGTC
CCAGGTTA

GA
TAGAAGCAGCTGCT
CAGAAGCGTATT
AGGACT
TCGA

GTCAAGTTCCGAAG
GCATGA
CTGA
TCAGAG
GA
CGAGCTTAAG
CAGAGTCAGT
GTAC
GACATG
AAATTCGGGTCCGGAA
AG
AG
TGACA
CATCGATG

AACTGG
CAAGGCTTAG
GACTA
AGTCA
CCAAGCTTTGATAGCAGG
CGCGTTACAGTGAA
CGAT

GA
CAGTTAAGAGCTGC
GTATGACACG




TACGAGTACG
ACGT
AGGATC
GCAGTA
GAAGCCATTTAG
GA
ATGC
GTCAAGCGATAT

AG
AGTCGA
TTGACAGACG
TCAGTACG
TGACCAGTGA
GATC
CGAT
CGAT
TGAAGC
GTAGATGACC
GACCTTGAAG
CAGT
AGGCTA

ATCGGACATG
TACG
CGGTGCATACGTAA
TCAGAGTC
AAGTACGGTC


ACAGGTGCAT
GCTA
ACGTATGC
ACGATATCCTGAGGGA
ACCGAATTGG


GGATAATACCTG
ACCTATGG
GAGACT
ACTAG
AGGACT

TAGCGA
TCAAAAGCCGTTGG
TAGCATGCAG
GACGTATTCAAGCG
ATGACGCAGT
CTAG
ACGT

CTAGA
AGACGT
TCAGA
GTAGCA

AACGCCAAGTGCGTGATT

GAGTCA
TAGGACCGAT
AGCGCATTAG
GCTACATGAG

TGAAGC
CAGT
GCATCATG

TGCGAA
TTAAGTCGACAG
ATGAGC
CGACAGTT
AGTGCA


GACATTGATACG
AGGATAGTCC

CGTA
CTGCTAGAGA
CTGA
ACGT
GCAAGATCTG
GGCATAGACT
ACTATGCG
GGTTAAGCAC
GGAACT
TTCACAGGCAGGAT
GTAC
ACTG
GA


CATAGAGCGT
AGCATAGGTC
TCGA

GTACTACATGGAGC
GTCA
CGGGAAATTC
TACGAG
GAACTTCG
AGATCTGC
ATTGACGGTCAA
AACGGT


CAGATGTCAG
GTAGAGACTC
AAGGTC
GCAGAGTCTA
CTAGCGTGAAGCTATGACA
CTAGA
ACCGATGTGA
GTACAG

CTTGGGCAAAGACT
AGATC

CATG
TAACGCCGATAGGT
CAGGAT
GTCTACAAGG

GAGACT
ACATGG
TCGA

GTACGA
GAGGCCATTA
AGTAGTCC
GGATTAACCG
TGAAGACCCTGTGA
CTAGA
GTCAAGCT
GAGTCAGCAT
CCAAGTAGAGGTCGTA
GCTA

AGAGCT
GTAGACTCGA
ACGTA
AGCAGGACGCAATGTT
GCTA
TACGGGGTCAAACT
GTAATGACCG
AGTCGA
ATACG
CTATGAGACGAT
TACAAAGGGTCT
AGACT




GCTAGA
ACGGTA
GCGATA
CCGAGGATAT
GTAC
GCGTTGACAGTAAC

TAGC
AGCT
AG
ATTACGCGAG

GATAC

GCCGATAATG
CTAAGCTGGA
GGAATC
TAAGGCTAGC
GAGTCA
AGCGCTTA
CAAGATTCGTGACG
ATGCGA

GA
CAGTAG
GAGCTGAACT
TCGA
CATGTCGGAA
CAGGTAGCAT
AGTCGCTAAGTCAG
TGAC
AG
AACGGTCT
GTCA
CGTGAGAACT
ATCTGGAAGC

TGCAA
CGGAAGGTCACATT
ATGAC

CGTAAACCATGGGT
GGCTAA
GCGATA
GATCAAGTCATG


GCAGGATTCA
TCGA
GA
GA
TGATCGGACA
TAGCGA

AG


TACGTAGCGA
ACGTTCAG


TATAACGCGG
TAAGGC
ATCCAAGGGTCATG
GAGATC
TAAGCTCG
GAGTCCAT
TAGGCAATCG
CCAGATTG

GTGAAC
GATC
GTCCTAAGAG


GA
GATACG
ACGGAGTATC


ACGT
GA

TGTAAGCAGC
TGCAA
AACCGACAGGTGTT

GCAGTAGCTA
TAGC
GA
AGAGTC
ACTG

AGCT
CGTA

CTGAGCTGAA
CTGA
CAGT
GCGTAGATATGACC
GCAGACTTTAGA
TCGTCAGAAG
CATAG
GCATA

AGAATCCTGG
GGACTA
TGACGA

GACGTA


ACGT
GCAT
GAGGACTCAT

AGCGAT
GTATCGACAG
GTCA

TAGCGCAGAT
GAGTATCAGCAT
CGTA
TCGA
TCAG
CAGTTACGAG
ACGAGT
AGATCTACGG
CAGTAG

GGAGACTCTA
AGCCCTGATGAAGT

GATAC
TCGGCGTTAAAGCA
CCAGATTAATCTGGGCAG
CGTCGGCGAATATA
TGGAGATCCAGCTA
TCAGGAAGTTATCCATACACGGG
GCAAGT
TGAC
CTGA


ATCG
CCAGGGAGTACTTA
CTAGTGTCCGAGAAGA
GTGAGTAACATTGGACTCCGCAA
TTTCGCGAAAGA


CATG
TCGGACTGAA
ATGACCTG
GATC
ATCCAGGGAT

TAACGG
AAGCTG
GAACTG
CAGTTGCGAA

AGTCCTAAGG
TACACTGCTGGGAA
GTTACGACGA

TACGGTACGA

GTACGA
GACT


GCGACTGTAA
AGATCG
ACGGAAGTTC

CGTTATAGGAAC
GTACGA
CAGT
GCAGACTAGT
AAGCAGTGTC
CAGGGATTAC
GTCA
GTACGA
GA
TCGA
GA
GAATCG
AACGTGTC

AGCT

TTAAGAGTAGCCCG
TACCTCGTAGGGAA
CTGAGCTA

ATACGTACTGGA

TGACACAGTAGT
CGAGCATT
CAGAT
CTAG
CTAGGA
GATACGTCAG
GGTCTAAAGC

TACCTGAG
GTACATGATGCCAG
GTAGAGACCT



CTGA
TAGGAGAATTGCCATACCTGG
TCGA
AAATGGCGTTAC
AAGTCGCATAGTCG


GAGCTATGCA

AGCTAG
GATC
TACGGCCTAAGGTA
ATGC
GCAAGT
CGAATCGATG
GA
CGAACACGTTGTGA
GCACTAGT
GTAAC
GAACGT
TCAGGTCA

AGCT
TAGCAG


CTTGCGAAAGTGCA

AGTCATGC
GTGGAAACTC
GATAC
GTACAG

ACAGCGTGTA



CGGATA
GGAATCTGCA

GGGATACCAGTCAT
TGATGAACGCGATGTCCA
AACTG

TAGTCGCGAA
ATAACGATGGTC
ATTGCGCGAA
GAGTTACGCA
AATCG
TCGA
CGGTATCAGA
TAACGCGAATTG

TGCACAATGG
CTGA
CATATAGTGCAG
TCAGAGATTGGCAC
AACGT
GACT
TAAACTCAGGTCGG
GGTTTCAACGGCATACAG

GCAT
GAAGACAATCGTTCGGTAC
AGCATCCAGGTATG
TTCCGAGAGA
TGAAC
ATTAGGCCAG
TACG
GCGAAACATTTG

AGTCA

ACATG


AGCT
GAGGCACTTA

GACTA
CTGA

GCAGAT
CGAGAT
AGCTTGAC

TACCTAGGAG
CTCTAGAG
AGACCTGTGAGACACGTT

CGAAT
ATAGC
AAGTCGACTG

ACATGG
GGATCGTACA
AAGTC
ACGT
CGGTAA

GTAAC
ACACTGTGAG
CTGAGCAAATTG

GA
GA
GCAGCGAATTGACT

AG
CGTAGACTGA

GTAGCA
CAGT
GAGACTATCG
ATGGAC
TGAATCCG
CGTA
ATCGGCATGA

AATCG
ACGT
TCAG


ATCG
CGAAGT
GCATGGCAAT
GATAGC
TGCA


CTGTAGAC
AATGTCCGAG
AGCTAG
AGTCGA
GCAGAT
CATAGGTC
TAACGGCTGA

AACCGAGGTT
GCTAA
TTGCGAAC
TACG
AGCGAGCTTA
CAGGAT

GACGCAATTTAG
TATGGGAACC
TGGCAGAACT
CAGT
GACAT
TCAGGTAAGC

TAAGC
CGTGAA
TGGTTGACCGAACA
AG
AGTGAC

ACGTGA

CCTGAGATCAGATG
CGTAAGTGAC

ACTG
TCAGACTG
TGGAAACCGTTA
GCAATTCG
GCATAG
GAGTGAATCC
AACAGACTGCTGGT
GAAGCTTCGA
CTAAG
TCAAG
GA
ATACCGAGGT
CGTATCTAAAGG
TAGCGACTAG
GTCATGCGAA
CGCAATATGG
CCAGATTGAGGTGAAC
GCATATGCAG

GATC

AG
AG
ATCAGG
TGAC
GATTTAGCGCAAAGTCGC
TCAG


TAGGCA
CCTACGGAATGATG
GA
GCAAATGTGC
GCAGTA
ATCG
AG
AATGCG
CATGGA
ATGC
AAGCGT
CTGA
ACGTGA
TTAGCCCAGGTAGA
ACGGTTCA
GAACGT
TAGAACCTGG

TTGCAAGGAC
GGTTCAAAGC
CTCGGAATGA

CAGTGA
TATAGACGCG
CATGGTGACA
ACTCGATGAATCGG

GA
GA
AACGAGGTTC
CGTA
CTAGGGTCAA
AGTC
GAACGT
TCAAG
TGTAACCG
GCATGA
GTCCCAGTAGAGAT
TTACCGCTTAACGGAAGG
CCGATATGAG
GCATCGATGA
AGACT
GACGGCACTACAAAGTTTGG
GTGATAGTCCAGAC
AAGCGT

GAATC
GAGACT
GCATA
ATAAAGTGTGCC
AGCT



CTAAGG
GTATCGCA
TGCGAA
AG
ATACG
AAGATAGCGTCCTG



AG
GATCGTTGCAGAAC
CTGTACGA
CTGAA
CATAGG
TACGAACAGTGCTG
CAGAT
TGGAGATATCCA
TGCGATCGAA

TAGTAAGGCC
GACCGATCTGGTATCAGA

ATGACG
GCAT

GGTAAC
CGTTGAGACA


AGTC
GGTACA
TGCAGA

TCAGAACTTACGGG
ACTG
TCTAGACG

AATGAGGCCT
CTAAGGTGAC
GCAGTATC

TAACGCGATTAGGC

CAATGG
GA


GGTTACAGCA
GATGTAACGC
ATCGCTGAATAACCTGGG
GTATTAAGAGCCGCCGTGAACT
CTAG
AG
GA
GCATA
ATGATGCAACTG
CACTTAGG
GTACTAGATCAG
GATCATGCGA
ACTTGGACGA
ACTAGG

TACG
CTAGACGGAT
CGAATCTGAG
TCAG

CAGTAG
GCTA
ATGGAC
TCAG
CTAGAG
TGCAGGAATC
CATGA
CGTA
AG
TAGGGTCCAA
CTAAG
ACACTATTACGGGG
ACGTA
ATGTACGTACCGAG
GATAC
GCTAACTGAG
GA

ACGTAG
GCTA
AGTACGATAGCAGCTGTC
GCAT

GTCGCTAA
AGTTGACTGACA

TCAAGTAGGGCGCCAATTA
CATATCGGGA
GCAT
GTAC
GA
GAGCTATGAC



AGTC
ATAGC
GTGACGCTAA
TCGAAGGATC


CACGGTTTAGCAGAGTCA
GCATGA
CAGGTA

CACTATGG
CATAG

GATACGTC
AGCAGACTTG

TCGGACAT
CATCATGAAAGCTGGG

GA
GAACGT

TAAGATGCTGAC
GA
CATG
GA

TCAAGGTAAGCT

CCAGTAGATG
AGGTCA
TTGCCAAGAG
CTAG
AACTTGGCGA
CGACTGTA

TGGAAC
GTCA
GTAC
ACTAAGTTACGACGTGAGC
GAGCTA
CTAGGA
GCAAGT
CAATG

TAGCAG
ACGGTGTACA
AGCGTA
CGTAGA
CCGTAATTATGACGGCAG
ATGCGGTACA
CGTAA

GAAGATCGCT
TATAGGCTAAGCTGAGCAGTC
AGTAGC
GGATCTAC
CGAT
GACGTA
TACGGGCATA

AGGCAT
AGACTCGT
TCAGAG
TAGC
CTAAG

AGGTCGGATACACT
CGTGGCAATA
AG
GTCAGA
GA
ACGT
GA
GGCAAT

AGCGATCT
AGGGTATCCA
TACGA
ACATG
ACGTGTAGGCATAC
TAGGAC
TGCATCGAAGTA

GA
GGGTTCCAAA
ACGGTA
CTAG
TACG
CATTGATCGGCGAA
GTAGCA
CAGAGTCT
TACGGCGAAT
AG
CTGAGA
TGACGA
AGTGCCTA
GTCA

GAACTTCGTAAG
CAATGG

CATG
CTACAATGGG
GGTCAA

GGACAT
AG
CGATCGTAAG
ACTG
ACGT
TATGCAGC
TCAAGG
AGGATC

GACT
GATAC
ATAGGAATCCCTGG
GATGGAGAGTTCCCTCAA
CGGTATCA


GTGGCCCATGATAA

AGATGATGCC
ACTTGAGAGC
